<?xml version="1.0" encoding="UTF-8"?>
<!-- Generated by org.testng.reporters.JUnitReportReporter -->
<testsuite hostname="IMPC1621" failures="0" tests="1" name="HTC.POC.SampleTestCase" time="7.056" errors="0" timestamp="19 Apr 2018 11:57:31 GMT" skipped="0">
  <testcase classname="HTC.POC.SampleTestCase" name="f" time="7.056"/>
</testsuite> <!-- HTC.POC.SampleTestCase -->
